# JRE version: Java(TM) SE Runtime Environment (8.0_92-b14) (build 1.8.0_92-b14)
# Java VM: Java HotSpot(TM) 64-Bit Server VM (25.92-b14 mixed mode bsd-amd64 compressed oops)
Heap:
 PSYoungGen      total 290304K, used 200660K [0x00000007aab00000, 0x00000007bfc80000, 0x00000007c0000000)
  eden space 238080K, 80% used [0x00000007aab00000,0x00000007b65eb798,0x00000007b9380000)
  from space 52224K, 17% used [0x00000007bc980000,0x00000007bd2899c8,0x00000007bfc80000)
  to   space 53760K, 0% used [0x00000007b9380000,0x00000007b9380000,0x00000007bc800000)
 ParOldGen       total 253952K, used 95097K [0x0000000780000000, 0x000000078f800000, 0x00000007aab00000)
  object space 253952K, 37% used [0x0000000780000000,0x0000000785cde560,0x000000078f800000)
 Metaspace       used 89203K, capacity 92490K, committed 92800K, reserved 1130496K
  class space    used 11605K, capacity 12349K, committed 12416K, reserved 1048576K
GC Heap History (10 events):
Event: 476.404 GC heap before
{Heap before GC invocations=15 (full 3):
 PSYoungGen      total 254464K, used 220901K [0x00000007aab00000, 0x00000007bea00000, 0x00000007c0000000)
  eden space 227840K, 85% used [0x00000007aab00000,0x00000007b68bb900,0x00000007b8980000)
  from space 26624K, 99% used [0x00000007b8980000,0x00000007ba37db00,0x00000007ba380000)
  to   space 34816K, 0% used [0x00000007bc800000,0x00000007bc800000,0x00000007bea00000)
 ParOldGen       total 253952K, used 45687K [0x0000000780000000, 0x000000078f800000, 0x00000007aab00000)
  object space 253952K, 17% used [0x0000000780000000,0x0000000782c9de20,0x000000078f800000)
 Metaspace       used 81549K, capacity 83988K, committed 84352K, reserved 1122304K
  class space    used 10650K, capacity 11272K, committed 11392K, reserved 1048576K
Event: 476.445 GC heap after
Heap after GC invocations=15 (full 3):
 PSYoungGen      total 280064K, used 34794K [0x00000007aab00000, 0x00000007c0000000, 0x00000007c0000000)
  eden space 245248K, 0% used [0x00000007aab00000,0x00000007aab00000,0x00000007b9a80000)
  from space 34816K, 99% used [0x00000007bc800000,0x00000007be9faa28,0x00000007bea00000)
  to   space 46592K, 0% used [0x00000007b9a80000,0x00000007b9a80000,0x00000007bc800000)
 ParOldGen       total 253952K, used 63720K [0x0000000780000000, 0x000000078f800000, 0x00000007aab00000)
  object space 253952K, 25% used [0x0000000780000000,0x0000000783e3a340,0x000000078f800000)
 Metaspace       used 81549K, capacity 83988K, committed 84352K, reserved 1122304K
  class space    used 10650K, capacity 11272K, committed 11392K, reserved 1048576K
}
Event: 476.590 GC heap before
{Heap before GC invocations=16 (full 3):
 PSYoungGen      total 280064K, used 264469K [0x00000007aab00000, 0x00000007c0000000, 0x00000007c0000000)
  eden space 245248K, 93% used [0x00000007aab00000,0x00000007b8b4abb8,0x00000007b9a80000)
  from space 34816K, 99% used [0x00000007bc800000,0x00000007be9faa28,0x00000007bea00000)
  to   space 46592K, 0% used [0x00000007b9a80000,0x00000007b9a80000,0x00000007bc800000)
 ParOldGen       total 253952K, used 63720K [0x0000000780000000, 0x000000078f800000, 0x00000007aab00000)
  object space 253952K, 25% used [0x0000000780000000,0x0000000783e3a340,0x000000078f800000)
 Metaspace       used 82642K, capacity 85108K, committed 85248K, reserved 1122304K
  class space    used 10807K, capacity 11424K, committed 11520K, reserved 1048576K
Event: 476.613 GC heap after
Heap after GC invocations=16 (full 3):
 PSYoungGen      total 291840K, used 43179K [0x00000007aab00000, 0x00000007c0000000, 0x00000007c0000000)
  eden space 245248K, 0% used [0x00000007aab00000,0x00000007aab00000,0x00000007b9a80000)
  from space 46592K, 92% used [0x00000007b9a80000,0x00000007bc4aacf8,0x00000007bc800000)
  to   space 52224K, 0% used [0x00000007bcd00000,0x00000007bcd00000,0x00000007c0000000)
 ParOldGen       total 253952K, used 63728K [0x0000000780000000, 0x000000078f800000, 0x00000007aab00000)
  object space 253952K, 25% used [0x0000000780000000,0x0000000783e3c340,0x000000078f800000)
 Metaspace       used 82642K, capacity 85108K, committed 85248K, reserved 1122304K
  class space    used 10807K, capacity 11424K, committed 11520K, reserved 1048576K
}
Event: 476.798 GC heap before
{Heap before GC invocations=17 (full 3):
 PSYoungGen      total 291840K, used 275484K [0x00000007aab00000, 0x00000007c0000000, 0x00000007c0000000)
  eden space 245248K, 94% used [0x00000007aab00000,0x00000007b8ddc540,0x00000007b9a80000)
  from space 46592K, 92% used [0x00000007b9a80000,0x00000007bc4aacf8,0x00000007bc800000)
  to   space 52224K, 0% used [0x00000007bcd00000,0x00000007bcd00000,0x00000007c0000000)
 ParOldGen       total 253952K, used 63728K [0x0000000780000000, 0x000000078f800000, 0x00000007aab00000)
  object space 253952K, 25% used [0x0000000780000000,0x0000000783e3c340,0x000000078f800000)
 Metaspace       used 83660K, capacity 86152K, committed 86400K, reserved 1124352K
  class space    used 10949K, capacity 11568K, committed 11648K, reserved 1048576K
Event: 476.823 GC heap after
Heap after GC invocations=17 (full 3):
 PSYoungGen      total 286720K, used 43673K [0x00000007aab00000, 0x00000007c0000000, 0x00000007c0000000)
  eden space 234496K, 0% used [0x00000007aab00000,0x00000007aab00000,0x00000007b9000000)
  from space 52224K, 83% used [0x00000007bcd00000,0x00000007bf7a65b8,0x00000007c0000000)
  to   space 57344K, 0% used [0x00000007b9000000,0x00000007b9000000,0x00000007bc800000)
 ParOldGen       total 253952K, used 63736K [0x0000000780000000, 0x000000078f800000, 0x00000007aab00000)
  object space 253952K, 25% used [0x0000000780000000,0x0000000783e3e340,0x000000078f800000)
 Metaspace       used 83660K, capacity 86152K, committed 86400K, reserved 1124352K
  class space    used 10949K, capacity 11568K, committed 11648K, reserved 1048576K
}
Event: 476.996 GC heap before
{Heap before GC invocations=18 (full 3):
 PSYoungGen      total 286720K, used 278169K [0x00000007aab00000, 0x00000007c0000000, 0x00000007c0000000)
  eden space 234496K, 100% used [0x00000007aab00000,0x00000007b9000000,0x00000007b9000000)
  from space 52224K, 83% used [0x00000007bcd00000,0x00000007bf7a65b8,0x00000007c0000000)
  to   space 57344K, 0% used [0x00000007b9000000,0x00000007b9000000,0x00000007bc800000)
 ParOldGen       total 253952K, used 63736K [0x0000000780000000, 0x000000078f800000, 0x00000007aab00000)
  object space 253952K, 25% used [0x0000000780000000,0x0000000783e3e340,0x000000078f800000)
 Metaspace       used 83944K, capacity 86556K, committed 86656K, reserved 1124352K
  class space    used 10973K, capacity 11610K, committed 11648K, reserved 1048576K
Event: 477.023 GC heap after
Heap after GC invocations=18 (full 3):
 PSYoungGen      total 291840K, used 24745K [0x00000007aab00000, 0x00000007bfe00000, 0x00000007c0000000)
  eden space 234496K, 0% used [0x00000007aab00000,0x00000007aab00000,0x00000007b9000000)
  from space 57344K, 43% used [0x00000007b9000000,0x00000007ba82a6c0,0x00000007bc800000)
  to   space 53760K, 0% used [0x00000007bc980000,0x00000007bc980000,0x00000007bfe00000)
 ParOldGen       total 253952K, used 78996K [0x0000000780000000, 0x000000078f800000, 0x00000007aab00000)
  object space 253952K, 31% used [0x0000000780000000,0x0000000784d25100,0x000000078f800000)
 Metaspace       used 83944K, capacity 86556K, committed 86656K, reserved 1124352K
  class space    used 10973K, capacity 11610K, committed 11648K, reserved 1048576K
}
Event: 501.934 GC heap before
{Heap before GC invocations=19 (full 3):
 PSYoungGen      total 291840K, used 259241K [0x00000007aab00000, 0x00000007bfe00000, 0x00000007c0000000)
  eden space 234496K, 100% used [0x00000007aab00000,0x00000007b9000000,0x00000007b9000000)
  from space 57344K, 43% used [0x00000007b9000000,0x00000007ba82a6c0,0x00000007bc800000)
  to   space 53760K, 0% used [0x00000007bc980000,0x00000007bc980000,0x00000007bfe00000)
 ParOldGen       total 253952K, used 78996K [0x0000000780000000, 0x000000078f800000, 0x00000007aab00000)
  object space 253952K, 31% used [0x0000000780000000,0x0000000784d25100,0x000000078f800000)
 Metaspace       used 88359K, capacity 91464K, committed 91648K, reserved 1128448K
  class space    used 11505K, capacity 12202K, committed 12288K, reserved 1048576K
Event: 501.958 GC heap after
Heap after GC invocations=19 (full 3):
 PSYoungGen      total 290304K, used 9254K [0x00000007aab00000, 0x00000007bfc80000, 0x00000007c0000000)
  eden space 238080K, 0% used [0x00000007aab00000,0x00000007aab00000,0x00000007b9380000)
  from space 52224K, 17% used [0x00000007bc980000,0x00000007bd2899c8,0x00000007bfc80000)
  to   space 53760K, 0% used [0x00000007b9380000,0x00000007b9380000,0x00000007bc800000)
 ParOldGen       total 253952K, used 95097K [0x0000000780000000, 0x000000078f800000, 0x00000007aab00000)
  object space 253952K, 37% used [0x0000000780000000,0x0000000785cde560,0x000000078f800000)
 Metaspace       used 88359K, capacity 91464K, committed 91648K, reserved 1128448K
  class space    used 11505K, capacity 12202K, committed 12288K, reserved 1048576K
}

